<?xml version="1.0" encoding="UTF-8"?>
<coverage generated="1585646217581" clover="3.2.0">
  <project timestamp="1585646217581" name="All files">
    <metrics statements="27" coveredstatements="27" conditionals="2" coveredconditionals="2" methods="7" coveredmethods="7" elements="36" coveredelements="36" complexity="0" loc="27" ncloc="27" packages="1" files="3" classes="3"/>
    <file name="itinerary.js" path="/Users/zeinaji/Projects/cruise-ships/src/itinerary.js">
      <metrics statements="2" coveredstatements="2" conditionals="0" coveredconditionals="0" methods="1" coveredmethods="1"/>
      <line num="2" count="15" type="stmt"/>
      <line num="5" count="3" type="stmt"/>
    </file>
    <file name="ports.js" path="/Users/zeinaji/Projects/cruise-ships/src/ports.js">
      <metrics statements="8" coveredstatements="8" conditionals="0" coveredconditionals="0" methods="3" coveredmethods="3"/>
      <line num="3" count="26" type="stmt"/>
      <line num="4" count="26" type="stmt"/>
      <line num="8" count="3" type="stmt"/>
      <line num="9" count="17" type="stmt"/>
      <line num="12" count="3" type="stmt"/>
      <line num="13" count="6" type="stmt"/>
      <line num="14" count="6" type="stmt"/>
      <line num="16" count="3" type="stmt"/>
    </file>
    <file name="ship.js" path="/Users/zeinaji/Projects/cruise-ships/src/ship.js">
      <metrics statements="17" coveredstatements="17" conditionals="2" coveredconditionals="2" methods="3" coveredmethods="3"/>
      <line num="1" count="2" type="stmt"/>
      <line num="5" count="13" type="stmt"/>
      <line num="6" count="13" type="stmt"/>
      <line num="7" count="13" type="stmt"/>
      <line num="8" count="13" type="stmt"/>
      <line num="12" count="2" type="stmt"/>
      <line num="13" count="6" type="stmt"/>
      <line num="14" count="6" type="cond" truecount="2" falsecount="0"/>
      <line num="15" count="1" type="stmt"/>
      <line num="17" count="5" type="stmt"/>
      <line num="18" count="5" type="stmt"/>
      <line num="20" count="5" type="stmt"/>
      <line num="23" count="2" type="stmt"/>
      <line num="24" count="3" type="stmt"/>
      <line num="25" count="3" type="stmt"/>
      <line num="26" count="3" type="stmt"/>
      <line num="31" count="2" type="stmt"/>
    </file>
  </project>
</coverage>
