TN:
SF:src/itinerary.js
FN:1,Itinerary
FNF:1
FNH:1
FNDA:15,Itinerary
DA:2,15
DA:5,3
LF:2
LH:2
BRF:0
BRH:0
end_of_record
TN:
SF:src/ports.js
FN:2,Port
FN:8,(anonymous_1)
FN:12,(anonymous_2)
FNF:3
FNH:3
FNDA:26,Port
FNDA:17,(anonymous_1)
FNDA:6,(anonymous_2)
DA:3,26
DA:4,26
DA:8,3
DA:9,17
DA:12,3
DA:13,6
DA:14,6
DA:16,3
LF:8
LH:8
BRF:0
BRH:0
end_of_record
TN:
SF:src/ship.js
FN:4,Ship
FN:12,(anonymous_1)
FN:23,(anonymous_2)
FNF:3
FNH:3
FNDA:13,Ship
FNDA:6,(anonymous_1)
FNDA:3,(anonymous_2)
DA:1,2
DA:5,13
DA:6,13
DA:7,13
DA:8,13
DA:12,2
DA:13,6
DA:14,6
DA:15,1
DA:17,5
DA:18,5
DA:20,5
DA:23,2
DA:24,3
DA:25,3
DA:26,3
DA:31,2
LF:17
LH:17
BRDA:14,0,0,1
BRDA:14,0,1,5
BRF:2
BRH:2
end_of_record
